<?xml version="1.0" encoding="utf-8"?><testsuites name="pytest tests"><testsuite name="pytest" errors="0" failures="0" skipped="0" tests="336" time="28.359" timestamp="2026-09-27T00:30:07.548774+05:30" hostname="Shakeel_Ahamed"><testcase classname="tests.autonomy.test_a0_core_integration" name="test_state_snapshot_to_a0_adapter_to_assign_task_command" time="0.001" /><testcase classname="tests.autonomy.test_a0_core_integration" name="test_multiple_deterministic_assignments_and_state_store_apply" time="0.001" /><testcase classname="tests.autonomy.test_a0_core_integration" name="test_low_battery_rejected" time="0.001" /><testcase classname="tests.autonomy.test_a0_core_integration" name="test_failed_uav_rejected" time="0.000" /><testcase classname="tests.autonomy.test_a0_core_integration" name="test_deadline_handling" time="0.001" /><testcase classname="tests.autonomy.test_a0_core_integration" name="test_nonzero_simulation_time_reaches_allocator" time="0.000" /><testcase classname="tests.autonomy.test_a0_core_integration" name="test_repeated_identical_snapshot_produces_identical_commands" time="0.001" /><testcase classname="tests.autonomy.test_a0_core_integration" name="test_emergency_flag_precedence_with_core_models" time="0.001" /><testcase classname="tests.autonomy.test_a0_core_integration" name="test_rth_and_terminal_task_states_rejected" time="0.001" /><testcase classname="tests.autonomy.test_a1_allocator" name="test_a1_inherits_a0_feasibility_rules" time="0.002" /><testcase classname="tests.autonomy.test_a1_allocator" name="test_network_analysis_none_preserves_a0_behavior" time="0.001" /><testcase classname="tests.autonomy.test_a1_allocator" name="test_connected_uav_beats_disconnected_uav" time="0.001" /><testcase classname="tests.autonomy.test_a1_allocator" name="test_better_route_pdr_beats_worse_route_pdr" time="0.001" /><testcase classname="tests.autonomy.test_a1_allocator" name="test_destination_gate_preserves_gateway_despite_current_hop_advantage" time="0.001" /><testcase classname="tests.autonomy.test_a1_allocator" name="test_communication_does_not_override_clearly_higher_priority_task" time="0.001" /><testcase classname="tests.autonomy.test_a1_allocator" name="test_disconnected_only_swarm_safely_defers_blackout_destination" time="0.001" /><testcase classname="tests.autonomy.test_a1_allocator" name="test_energy_infeasible_uav_remains_rejected_as_a0" time="0.001" /><testcase classname="tests.autonomy.test_a1_allocator" name="test_landed_failed_inactive_uav_remains_rejected" time="0.000" /><testcase classname="tests.autonomy.test_a1_allocator" name="test_deterministic_repeated_allocation_gives_identical_result" time="0.047" /><testcase classname="tests.autonomy.test_a1_allocator" name="test_a1_never_mutates_state_snapshot_or_state_store" time="0.001" /><testcase classname="tests.autonomy.test_a1_allocator" name="test_a0_adapter_wiring_with_a1" time="0.001" /><testcase classname="tests.autonomy.test_a1_allocator" name="test_legacy_current_position_scoring_changes_a0_ranking" time="0.001" /><testcase classname="tests.autonomy.test_a1_allocator" name="test_a1_rejects_failed_and_inactive_uavs" time="0.001" /><testcase classname="tests.autonomy.test_a1_allocator" name="test_a1_reassigns_deferred_task_from_failed_uav_to_operational_uav" time="0.001" /><testcase classname="tests.autonomy.test_a1_allocator" name="test_a1_deferred_task_respects_all_feasibility_constraints" time="0.002" /><testcase classname="tests.autonomy.test_a1_allocator" name="test_a1_deferred_task_deterministic_tie_breaking_and_repeated_replay" time="0.025" /><testcase classname="tests.autonomy.test_a1_allocator" name="test_mission_runner_scheduled_failure_reallocates_deferred_task" time="0.002" /><testcase classname="tests.autonomy.test_a1_analyzer_injection" name="test_a1_analyzer_injection_does_not_infer" time="0.002" /><testcase classname="tests.autonomy.test_a1_batch_allocation" name="test_exact_topology_breaking_two_assignment_counterexample" time="0.003" /><testcase classname="tests.autonomy.test_a1_destination_aware" name="test_destination_aware_demotes_gateway_departure" time="0.001" /><testcase classname="tests.autonomy.test_a1_destination_aware" name="test_destination_aware_utility_scoring" time="0.001" /><testcase classname="tests.autonomy.test_a1_destination_aware" name="test_destination_aware_rejects_disconnected_candidate_feasibility" time="0.001" /><testcase classname="tests.autonomy.test_a1_destination_aware" name="test_a0_adapter_explicit_capability_detection" time="0.001" /><testcase classname="tests.autonomy.test_a1_destination_aware" name="test_a0_adapter_does_not_swallow_internal_type_error" time="0.000" /><testcase classname="tests.autonomy.test_a1_e2_controlled" name="test_a1_preserves_telemetry_under_controlled_outage" time="0.487" /><testcase classname="tests.autonomy.test_a1_feasibility_gates" name="test_articulation_regression" time="0.002" /><testcase classname="tests.autonomy.test_a1_feasibility_gates" name="test_already_disconnected_peer_regression" time="0.002" /><testcase classname="tests.autonomy.test_a1_feasibility_gates" name="test_dead_zone_regression" time="0.001" /><testcase classname="tests.autonomy.test_a1_feasibility_gates" name="test_normal_feasible_assignment_regression" time="0.001" /><testcase classname="tests.autonomy.test_a1_release_regressions" name="test_protected_ineligible_peer_forces_unsafe_second_task_to_remain_unassigned" time="0.002" /><testcase classname="tests.autonomy.test_a1_release_regressions" name="test_safe_alternative_candidate_is_selected_and_final_batch_connected" time="0.002" /><testcase classname="tests.autonomy.test_a1_release_regressions" name="test_allocation_restores_existing_context_even_on_exception[False]" time="0.002" /><testcase classname="tests.autonomy.test_a1_release_regressions" name="test_allocation_restores_existing_context_even_on_exception[True]" time="0.001" /><testcase classname="tests.autonomy.test_a1_release_regressions" name="test_production_destination_aware_a1_defers_where_a0_dispatches_into_blackout" time="0.001" /><testcase classname="tests.autonomy.test_a1_release_regressions" name="test_no_implicit_zero_utility_cutoff_added_to_a0_contract" time="0.002" /><testcase classname="tests.autonomy.test_a1_release_regressions" name="test_batch_output_is_independent_of_input_insertion_order" time="0.003" /><testcase classname="tests.autonomy.test_task_allocator" name="test_highest_priority_feasible_task_preference" time="0.000" /><testcase classname="tests.autonomy.test_task_allocator" name="test_infeasible_uav_exclusion" time="0.000" /><testcase classname="tests.autonomy.test_task_allocator" name="test_infeasible_task_exclusion" time="0.000" /><testcase classname="tests.autonomy.test_task_allocator" name="test_deterministic_tie_breaking" time="0.002" /><testcase classname="tests.autonomy.test_task_allocator" name="test_deterministic_task_tie_breaking" time="0.000" /><testcase classname="tests.autonomy.test_task_allocator" name="test_multiple_uav_task_assignment" time="0.000" /><testcase classname="tests.autonomy.test_task_allocator" name="test_more_tasks_than_uavs" time="0.000" /><testcase classname="tests.autonomy.test_task_allocator" name="test_more_uavs_than_tasks" time="0.000" /><testcase classname="tests.autonomy.test_task_allocator" name="test_empty_and_no_feasible_cases" time="0.000" /><testcase classname="tests.autonomy.test_task_allocator" name="test_utility_score_calculation_and_breakdown" time="0.000" /><testcase classname="tests.autonomy.test_task_allocator" name="test_action_proposal_generation" time="0.000" /><testcase classname="tests.autonomy.test_task_allocator" name="test_snapshot_and_plan_protocol_compatibility" time="0.000" /><testcase classname="tests.autonomy.test_task_allocator" name="test_emergency_task_priority" time="0.001" /><testcase classname="tests.autonomy.test_task_allocator" name="test_position_coordinate_formats" time="0.000" /><testcase classname="tests.autonomy.test_task_allocator" name="test_reassignment_with_switching_cost" time="0.000" /><testcase classname="tests.autonomy.test_task_allocator" name="test_closer_uav_preferred_for_same_priority" time="0.000" /><testcase classname="tests.communication.test_channel" name="test_quality_and_boundary[0-1]" time="0.001" /><testcase classname="tests.communication.test_channel" name="test_quality_and_boundary[5-0.6666666666666666]" time="0.001" /><testcase classname="tests.communication.test_channel" name="test_quality_and_boundary[10-0.5]" time="0.000" /><testcase classname="tests.communication.test_channel" name="test_outside_range" time="0.000" /><testcase classname="tests.communication.test_channel" name="test_inactive[NORMAL]" time="0.000" /><testcase classname="tests.communication.test_channel" name="test_inactive[FAILED]" time="0.000" /><testcase classname="tests.communication.test_channel" name="test_inactive[DEGRADED]" time="0.000" /><testcase classname="tests.communication.test_channel" name="test_degraded_node_has_no_implicit_penalty" time="0.000" /><testcase classname="tests.communication.test_channel" name="test_pdr_boundaries[0]" time="0.000" /><testcase classname="tests.communication.test_channel" name="test_pdr_boundaries[0.3]" time="0.000" /><testcase classname="tests.communication.test_channel" name="test_pdr_boundaries[0.9999999999999999]" time="0.000" /><testcase classname="tests.communication.test_channel" name="test_pdr_boundaries[1]" time="0.000" /><testcase classname="tests.communication.test_channel" name="test_degradation_and_outage" time="0.000" /><testcase classname="tests.communication.test_channel" name="test_monotonic_and_repeatable" time="0.001" /><testcase classname="tests.communication.test_channel" name="test_invalid_conditions[kwargs0]" time="0.000" /><testcase classname="tests.communication.test_channel" name="test_invalid_conditions[kwargs1]" time="0.000" /><testcase classname="tests.communication.test_channel" name="test_invalid_conditions[kwargs2]" time="0.000" /><testcase classname="tests.communication.test_channel" name="test_invalid_conditions[kwargs3]" time="0.001" /><testcase classname="tests.communication.test_channel" name="test_invalid_time[-1]" time="0.000" /><testcase classname="tests.communication.test_channel" name="test_invalid_time[nan]" time="0.000" /><testcase classname="tests.communication.test_channel" name="test_invalid_time[inf]" time="0.000" /><testcase classname="tests.communication.test_channel" name="test_invalid_time[True]" time="0.000" /><testcase classname="tests.communication.test_channel" name="test_self_link" time="0.000" /><testcase classname="tests.communication.test_connectivity" name="test_all_connected_and_hops" time="0.000" /><testcase classname="tests.communication.test_connectivity" name="test_multiple_components_and_disconnected_node" time="0.000" /><testcase classname="tests.communication.test_connectivity" name="test_no_articulation" time="0.000" /><testcase classname="tests.communication.test_connectivity" name="test_gcs_can_be_articulation" time="0.000" /><testcase classname="tests.communication.test_connectivity" name="test_gcs_only" time="0.000" /><testcase classname="tests.communication.test_connectivity" name="test_none_connected" time="0.000" /><testcase classname="tests.communication.test_connectivity" name="test_topology_after_failure" time="0.002" /><testcase classname="tests.communication.test_connectivity" name="test_order_independence_and_immutability" time="0.000" /><testcase classname="tests.communication.test_connectivity" name="test_invalid_graph[bad0]" time="0.001" /><testcase classname="tests.communication.test_connectivity" name="test_invalid_graph[bad1]" time="0.000" /><testcase classname="tests.communication.test_connectivity" name="test_invalid_graph[bad2]" time="0.000" /><testcase classname="tests.communication.test_connectivity" name="test_invalid_graph[bad3]" time="0.000" /><testcase classname="tests.communication.test_failure_topology" name="test_failure_topology" time="0.001" /><testcase classname="tests.communication.test_failure_topology" name="test_alternate_route" time="0.001" /><testcase classname="tests.communication.test_failure_topology" name="test_recovery" time="0.001" /><testcase classname="tests.communication.test_failure_topology" name="test_determinism" time="0.001" /><testcase classname="tests.communication.test_graph" name="test_gcs_only" time="0.001" /><testcase classname="tests.communication.test_graph" name="test_direct_and_chain[1]" time="0.001" /><testcase classname="tests.communication.test_graph" name="test_direct_and_chain[2]" time="0.001" /><testcase classname="tests.communication.test_graph" name="test_direct_and_chain[3]" time="0.001" /><testcase classname="tests.communication.test_graph" name="test_partition_and_failed_intermediate" time="0.001" /><testcase classname="tests.communication.test_graph" name="test_inactive_excluded" time="0.000" /><testcase classname="tests.communication.test_graph" name="test_rebuild_order_and_snapshot_unchanged" time="0.001" /><testcase classname="tests.communication.test_graph" name="test_condition_hooks" time="0.000" /><testcase classname="tests.communication.test_graph" name="test_zero_pdr_excluded" time="0.000" /><testcase classname="tests.communication.test_graph" name="test_invalid_conditions[conditions0]" time="0.000" /><testcase classname="tests.communication.test_graph" name="test_invalid_conditions[conditions1]" time="0.000" /><testcase classname="tests.communication.test_graph" name="test_invalid_conditions[conditions2]" time="0.000" /><testcase classname="tests.communication.test_integration" name="test_chain_then_failed_relay" time="0.001" /><testcase classname="tests.communication.test_integration" name="test_conditions_copied_and_repeatable" time="0.001" /><testcase classname="tests.communication.test_integration" name="test_gcs_only_contract" time="0.000" /><testcase classname="tests.communication.test_integration" name="test_simulation_time_not_wall_clock" time="0.001" /><testcase classname="tests.communication.test_m2_isolation" name="test_zero_cost_analyzer_and_state_unchanged[False]" time="0.001" /><testcase classname="tests.communication.test_m2_isolation" name="test_zero_cost_analyzer_and_state_unchanged[True]" time="0.001" /><testcase classname="tests.communication.test_m2_isolation" name="test_default_never_calls_m2" time="0.001" /><testcase classname="tests.communication.test_m2_isolation" name="test_zero_cost_chain" time="0.000" /><testcase classname="tests.communication.test_m2_isolation" name="test_zero_cost_cycle_lexicographic_and_order_independent" time="0.001" /><testcase classname="tests.communication.test_m2_isolation" name="test_zero_cost_small_graph_oracle" time="0.011" /><testcase classname="tests.communication.test_m2_isolation" name="test_pdr_stays_on_r0_when_m2_selects_different_route" time="0.001" /><testcase classname="tests.communication.test_route_pdr" name="test_route_pdr_helper_one_hop" time="0.000" /><testcase classname="tests.communication.test_route_pdr" name="test_route_pdr_helper_multi_hop" time="0.000" /><testcase classname="tests.communication.test_route_pdr" name="test_route_pdr_helper_disconnected" time="0.000" /><testcase classname="tests.communication.test_route_pdr" name="test_route_pdr_helper_missing_edge" time="0.000" /><testcase classname="tests.communication.test_route_pdr" name="test_route_pdr_helper_perfect_route" time="0.000" /><testcase classname="tests.communication.test_route_pdr" name="test_route_pdr_helper_zero_pdr_route" time="0.000" /><testcase classname="tests.communication.test_route_pdr" name="test_determinism_and_network_analysis_integration" time="0.001" /><testcase classname="tests.communication.test_routing" name="test_direct" time="0.000" /><testcase classname="tests.communication.test_routing" name="test_multihop_minimum" time="0.000" /><testcase classname="tests.communication.test_routing" name="test_equal_hop_insertion_order" time="0.001" /><testcase classname="tests.communication.test_routing" name="test_source_direction_lexicographic_not_reversed_gcs_bfs" time="0.000" /><testcase classname="tests.communication.test_routing" name="test_metrics_do_not_change_shortest_hop" time="0.000" /><testcase classname="tests.communication.test_routing" name="test_disconnected_and_gcs_only" time="0.000" /><testcase classname="tests.communication.test_routing" name="test_failed_relay" time="0.000" /><testcase classname="tests.communication.test_routing" name="test_repeat_and_immutability" time="0.000" /><testcase classname="tests.communication.test_routing" name="test_exhaustive_small_graph_oracle" time="0.004" /><testcase classname="tests.communication.test_routing" name="test_invalid_directed_graph" time="0.001" /><testcase classname="tests.communication.test_scenario" name="test_outage_begins_and_recovers" time="0.001" /><testcase classname="tests.communication.test_scenario" name="test_degradation_begins" time="0.001" /><testcase classname="tests.communication.test_scenario" name="test_latency_degradation" time="0.001" /><testcase classname="tests.communication.test_scenario" name="test_packet_loss_condition" time="0.001" /><testcase classname="tests.communication.test_scenario" name="test_route_impact" time="0.001" /><testcase classname="tests.communication.test_scenario" name="test_repeated_analysis" time="0.001" /><testcase classname="tests.communication.test_scenario" name="test_pair_ordering" time="0.001" /><testcase classname="tests.communication.test_scenario" name="test_route_latency_helper" time="0.001" /><testcase classname="tests.communication.test_scenario" name="test_no_cumulative_state" time="0.001" /><testcase classname="tests.communication.test_scenario" name="test_packet_loss_precedence_and_outage" time="0.001" /><testcase classname="tests.communication.test_scenario" name="test_route_latency_semantics" time="0.001" /><testcase classname="tests.communication.test_scenario" name="test_overlap_rejection" time="0.001" /><testcase classname="tests.communication.test_scenario" name="test_r0_remains_baseline" time="0.001" /><testcase classname="tests.communication.test_weighted_routing" name="test_etx_normalization" time="0.000" /><testcase classname="tests.communication.test_weighted_routing" name="test_latency_and_instability_bounds" time="0.001" /><testcase classname="tests.communication.test_weighted_routing" name="test_equal_quality_multihop_alternatives" time="0.001" /><testcase classname="tests.communication.test_weighted_routing" name="test_short_route_poor_etx_vs_longer_better_etx" time="0.000" /><testcase classname="tests.communication.test_weighted_routing" name="test_short_route_high_latency" time="0.000" /><testcase classname="tests.communication.test_weighted_routing" name="test_unstable_degraded_route" time="0.000" /><testcase classname="tests.communication.test_weighted_routing" name="test_temporary_outage" time="0.000" /><testcase classname="tests.communication.test_weighted_routing" name="test_equal_weighted_cost_tie" time="0.000" /><testcase classname="tests.communication.test_weighted_routing" name="test_disconnected_node" time="0.000" /><testcase classname="tests.communication.test_weighted_routing" name="test_failed_intermediate_node" time="0.000" /><testcase classname="tests.communication.test_weighted_routing" name="test_repeated_identical_evaluation" time="0.000" /><testcase classname="tests.core.test_event_scheduler" name="test_scheduler_returns_events_in_deterministic_order" time="0.000" /><testcase classname="tests.core.test_event_scheduler" name="test_scheduler_only_returns_events_due_at_requested_tick" time="0.000" /><testcase classname="tests.core.test_event_scheduler" name="test_scheduler_rejects_negative_tick" time="0.000" /><testcase classname="tests.core.test_kinematics" name="test_move_towards_moves_in_straight_line" time="0.000" /><testcase classname="tests.core.test_kinematics" name="test_move_towards_stops_at_target" time="0.000" /><testcase classname="tests.core.test_kinematics" name="test_move_towards_when_already_at_target" time="0.000" /><testcase classname="tests.core.test_kinematics" name="test_move_towards_rejects_invalid_speed" time="0.000" /><testcase classname="tests.core.test_models" name="test_models_immutability" time="0.000" /><testcase classname="tests.core.test_models" name="test_battery_percent_property" time="0.000" /><testcase classname="tests.core.test_models" name="test_snapshot_to_dict" time="0.000" /><testcase classname="tests.core.test_simulator" name="test_clock_starts_at_zero" time="0.000" /><testcase classname="tests.core.test_simulator" name="test_clock_advances_deterministically" time="0.000" /><testcase classname="tests.core.test_simulator" name="test_invalid_dt_rejected" time="0.000" /><testcase classname="tests.core.test_simulator" name="test_clock_synchronizes_with_state_store" time="0.000" /><testcase classname="tests.core.test_simulator" name="test_step_uav_updates_position_velocity_and_battery" time="0.000" /><testcase classname="tests.core.test_simulator" name="test_start_rth_updates_uav_state" time="0.000" /><testcase classname="tests.core.test_simulator" name="test_rth_moves_uav_toward_gcs" time="0.000" /><testcase classname="tests.core.test_simulator" name="test_rth_snaps_uav_to_gcs_on_arrival" time="0.000" /><testcase classname="tests.core.test_simulator" name="test_step_swarm_updates_multiple_uavs" time="0.000" /><testcase classname="tests.core.test_simulator" name="test_step_swarm_uses_deterministic_uav_order" time="0.000" /><testcase classname="tests.core.test_simulator" name="test_step_swarm_uses_one_state_store_apply_call" time="0.000" /><testcase classname="tests.core.test_simulator" name="test_step_swarm_uses_snapshot_tick" time="0.000" /><testcase classname="tests.core.test_simulator" name="test_step_swarm_enforces_max_speed" time="0.000" /><testcase classname="tests.core.test_simulator" name="test_step_swarm_updates_velocity_and_battery_through_state_store" time="0.000" /><testcase classname="tests.core.test_simulator" name="test_step_swarm_does_not_make_battery_negative" time="0.000" /><testcase classname="tests.core.test_simulator" name="test_step_swarm_skips_inactive_uav" time="0.000" /><testcase classname="tests.core.test_simulator" name="test_step_swarm_skips_failed_uav" time="0.000" /><testcase classname="tests.core.test_simulator" name="test_step_swarm_steps_active_uav" time="0.000" /><testcase classname="tests.core.test_simulator" name="test_step_swarm_progresses_task_on_arrival" time="0.000" /><testcase classname="tests.core.test_simulator" name="test_task_service_progresses_until_completion" time="0.000" /><testcase classname="tests.core.test_simulator" name="test_completed_task_does_not_continue_moving_uav" time="0.000" /><testcase classname="tests.core.test_simulator" name="test_check_battery_rth_triggers_for_low_battery" time="0.000" /><testcase classname="tests.core.test_simulator" name="test_check_battery_rth_does_not_trigger_with_sufficient_battery" time="0.000" /><testcase classname="tests.core.test_simulator" name="test_process_scheduled_failure" time="0.000" /><testcase classname="tests.core.test_simulator" name="test_process_scheduled_recovery" time="0.001" /><testcase classname="tests.core.test_simulator" name="test_process_scheduled_failure_defers_assigned_task" time="0.000" /><testcase classname="tests.core.test_simulator" name="test_process_scheduled_events_processes_multiple_events_in_order" time="0.000" /><testcase classname="tests.core.test_simulator" name="test_rth_completion_lands_uav_at_gcs" time="0.000" /><testcase classname="tests.core.test_state_store" name="test_state_store_atomic_rollback" time="0.000" /><testcase classname="tests.core.test_state_store" name="test_state_store_stale_tick" time="0.000" /><testcase classname="tests.core.test_state_store" name="test_task_completion" time="0.000" /><testcase classname="tests.core.test_state_store" name="test_rth_full_lifecycle" time="0.000" /><testcase classname="tests.core.test_state_store" name="test_uav_failure_and_recovery_lifecycle" time="0.000" /><testcase classname="tests.energy.test_battery" name="test_energy_cost_from_idle_and_movement" time="0.000" /><testcase classname="tests.energy.test_battery" name="test_zero_distance_uses_only_idle_energy" time="0.000" /><testcase classname="tests.energy.test_battery" name="test_rejects_invalid_values" time="0.000" /><testcase classname="tests.evaluation.test_metrics" name="test_metrics_report_to_dict" time="0.000" /><testcase classname="tests.evaluation.test_metrics" name="test_compute_mission_metrics_flow" time="0.001" /><testcase classname="tests.integration.test_m0_loop" name="test_m0_loop_deterministic_end_to_end" time="0.003" /><testcase classname="tests.integration.test_m0_loop" name="test_m0_step_swarm_uses_single_batched_transaction" time="0.001" /><testcase classname="tests.safety.test_challenge_compliance_v1" name="test_a_staging_position_accepted" time="0.000" /><testcase classname="tests.safety.test_challenge_compliance_v1" name="test_b_ingress_corridor_accepted" time="0.000" /><testcase classname="tests.safety.test_challenge_compliance_v1" name="test_c_mission_arena_accepted" time="0.000" /><testcase classname="tests.safety.test_challenge_compliance_v1" name="test_d_illegal_position_rejected" time="0.000" /><testcase classname="tests.safety.test_challenge_compliance_v1" name="test_e_rth_corridor_accepted" time="0.000" /><testcase classname="tests.safety.test_challenge_compliance_v1" name="test_f_landing_outside_staging_region_rejected" time="0.000" /><testcase classname="tests.safety.test_challenge_compliance_v1" name="test_g_1200s_sortie_tracking" time="0.000" /><testcase classname="tests.safety.test_challenge_compliance_v1" name="test_h_over_duration_detection" time="0.000" /><testcase classname="tests.safety.test_challenge_compliance_v1" name="test_i_rth_triggered_early_enough_for_sortie_limit" time="0.000" /><testcase classname="tests.safety.test_challenge_compliance_v1" name="test_j_legacy_e1_behavior_unchanged" time="1.139" /><testcase classname="tests.safety.test_challenge_compliance_v1" name="test_k_staged_assigned_uav_is_not_airborne" time="0.000" /><testcase classname="tests.safety.test_challenge_compliance_v1" name="test_l_single_sortie_policy_prohibits_relaunch" time="0.000" /><testcase classname="tests.safety.test_challenge_compliance_v1" name="test_m_end_to_end_sortie_compliance_integration" time="0.306" /><testcase classname="tests.safety.test_challenge_compliance_v1" name="test_n_geofence_enforcement_activation" time="0.001" /><testcase classname="tests.safety.test_geofence_enforcement" name="test_a_seed_2026_corridor_clipping_eliminated" time="0.629" /><testcase classname="tests.safety.test_geofence_enforcement" name="test_b_central_ingress_direct_route" time="0.001" /><testcase classname="tests.safety.test_geofence_enforcement" name="test_c_southern_ingress_portal_steering" time="0.001" /><testcase classname="tests.safety.test_geofence_enforcement" name="test_d_northern_egress_portal_steering" time="0.000" /><testcase classname="tests.safety.test_geofence_enforcement" name="test_e_southern_egress_portal_steering" time="0.000" /><testcase classname="tests.safety.test_geofence_enforcement" name="test_f_arena_boundary_overshoot" time="0.000" /><testcase classname="tests.safety.test_geofence_enforcement" name="test_g_corridor_boundary_overshoot" time="0.000" /><testcase classname="tests.safety.test_geofence_enforcement" name="test_h_staging_pad_containment" time="0.000" /><testcase classname="tests.safety.test_geofence_enforcement" name="test_i_continuous_containment_sweep" time="0.001" /><testcase classname="tests.safety.test_geofence_enforcement" name="test_j_combined_geofence_and_separation" time="0.000" /><testcase classname="tests.safety.test_geofence_enforcement" name="test_k_disabled_preserves_baseline" time="0.003" /><testcase classname="tests.safety.test_geofence_enforcement" name="test_l_deterministic_replay" time="0.236" /><testcase classname="tests.safety.test_landing_compliance" name="test_canonical_landing_compliance" time="1.002" /><testcase classname="tests.safety.test_safety_assessor" name="test_geofence_violation_detection" time="0.000" /><testcase classname="tests.safety.test_safety_assessor" name="test_inter_uav_separation_violation_detection" time="0.000" /><testcase classname="tests.safety.test_safety_assessor" name="test_battery_exhaustion_detection" time="0.000" /><testcase classname="tests.safety.test_safety_assessor" name="test_evaluate_rth_triggers" time="0.000" /><testcase classname="tests.safety.test_separation_enforcement" name="test_a_clear_parallel_flight" time="0.000" /><testcase classname="tests.safety.test_separation_enforcement" name="test_b_head_on_trajectory" time="0.000" /><testcase classname="tests.safety.test_separation_enforcement" name="test_c_continuous_trajectory_minimum_crossing" time="0.000" /><testcase classname="tests.safety.test_separation_enforcement" name="test_d_deterministic_priority_ordering" time="0.000" /><testcase classname="tests.safety.test_separation_enforcement" name="test_e_multi_uav_convergence_3_plus" time="0.001" /><testcase classname="tests.safety.test_separation_enforcement" name="test_f_landed_uav_exemption" time="0.000" /><testcase classname="tests.safety.test_separation_enforcement" name="test_g_failed_airborne_uav_handling" time="0.000" /><testcase classname="tests.safety.test_separation_enforcement" name="test_h_deterministic_repeated_runs" time="0.002" /><testcase classname="tests.safety.test_separation_enforcement" name="test_i_disabled_enforcement_preserves_e1" time="1.013" /><testcase classname="tests.safety.test_separation_enforcement" name="test_j_geofence_separation_interaction" time="0.000" /><testcase classname="tests.safety.test_separation_enforcement" name="test_k_rth_in_trail_queuing_at_gcs" time="0.001" /><testcase classname="tests.simulation.test_demo_paired_a0_a1" name="test_demo_scenarios" time="0.188" /><testcase classname="tests.simulation.test_ingress_and_rth_regressions" name="test_a_submission_runner_smoke_construction" time="0.007" /><testcase classname="tests.simulation.test_ingress_and_rth_regressions" name="test_b_relay_role_command" time="0.000" /><testcase classname="tests.simulation.test_ingress_and_rth_regressions" name="test_c_unsupported_command_rejection" time="0.000" /><testcase classname="tests.simulation.test_ingress_and_rth_regressions" name="test_d_ingress_no_command_hold" time="0.001" /><testcase classname="tests.simulation.test_ingress_and_rth_regressions" name="test_e_egress_safety_regression" time="0.001" /><testcase classname="tests.simulation.test_ingress_and_rth_regressions" name="test_f_grounded_staging" time="0.001" /><testcase classname="tests.simulation.test_ingress_and_rth_regressions" name="test_g_deadline_separation" time="0.000" /><testcase classname="tests.simulation.test_mission_runner" name="test_scenario_loading_from_dict_and_yaml" time="0.003" /><testcase classname="tests.simulation.test_mission_runner" name="test_mission_runner_deterministic_execution" time="0.004" /><testcase classname="tests.simulation.test_mission_runner" name="test_mission_runner_exact_repeatability_across_runs" time="0.007" /><testcase classname="tests.simulation.test_mission_runner" name="test_mission_runner_safety_hook" time="0.001" /><testcase classname="tests.simulation.test_mission_runner" name="test_ares_simulate_cli" time="0.014" /><testcase classname="tests.simulation.test_poc_scenario" name="test_poc_round1_scenario_loading" time="0.008" /><testcase classname="tests.simulation.test_poc_scenario" name="test_poc_round1_execution_and_metrics" time="0.066" /><testcase classname="tests.simulation.test_poc_scenario" name="test_poc_round1_deterministic_replay" time="0.075" /><testcase classname="tests.simulation.test_poc_scenario" name="test_poc_round1_full_duration_execution" time="1.070" /><testcase classname="tests.simulation.test_rth_completion" name="test_rth_completion_lifecycle_in_mission_runner" time="0.001" /><testcase classname="tests.telemetry.test_detection_reporting" name="test_a_fov_entry_detection" time="0.000" /><testcase classname="tests.telemetry.test_detection_reporting" name="test_b_outside_fov_no_detection" time="0.002" /><testcase classname="tests.telemetry.test_detection_reporting" name="test_c_independent_of_task_assignment_or_service" time="0.000" /><testcase classname="tests.telemetry.test_detection_reporting" name="test_d_single_hop_delivery_to_gcs" time="0.000" /><testcase classname="tests.telemetry.test_detection_reporting" name="test_e_multi_hop_relay_delivery_to_gcs" time="0.000" /><testcase classname="tests.telemetry.test_detection_reporting" name="test_f_delivery_within_deadline" time="0.000" /><testcase classname="tests.telemetry.test_detection_reporting" name="test_g_no_route_buffering" time="0.000" /><testcase classname="tests.telemetry.test_detection_reporting" name="test_h_reconnect_before_deadline" time="0.000" /><testcase classname="tests.telemetry.test_detection_reporting" name="test_i_buffer_timeout_deadline_exceeded" time="0.001" /><testcase classname="tests.telemetry.test_detection_reporting" name="test_j_duplicate_sighting_suppression" time="0.000" /><testcase classname="tests.telemetry.test_detection_reporting" name="test_k_deterministic_tie_breaking_simultaneous" time="0.000" /><testcase classname="tests.telemetry.test_detection_reporting" name="test_l_repeated_run_determinism" time="0.048" /><testcase classname="tests.telemetry.test_detection_reporting" name="test_m_e1_invariance" time="1.216" /><testcase classname="tests.telemetry.test_detection_reporting" name="test_n_zero_detections_metrics_edge_case" time="0.000" /><testcase classname="tests.telemetry.test_detection_reporting" name="test_o_terminal_state_protection" time="0.000" /><testcase classname="tests.test_aetherswarm_config" name="test_challenge_simulation_config_defaults" time="0.000" /><testcase classname="tests.test_aetherswarm_config" name="test_feature_config_defaults" time="0.000" /><testcase classname="tests.test_aetherswarm_config" name="test_scenario_gen_config_defaults" time="0.000" /><testcase classname="tests.test_aetherswarm_config" name="test_webots_presentation_config_defaults" time="0.000" /><testcase classname="tests.test_aetherswarm_config" name="test_root_config_serialization_roundtrip" time="0.000" /><testcase classname="tests.test_aetherswarm_config" name="test_root_config_overrides" time="0.001" /><testcase classname="tests.test_aetherswarm_config" name="test_load_scenario_integrates_typed_config" time="0.007" /><testcase classname="tests.test_aetherswarm_config" name="test_load_scenario_with_explicit_config_section" time="0.005" /><testcase classname="tests.test_direct_imports" name="test_standalone_import[import ares_swarm]" time="0.099" /><testcase classname="tests.test_direct_imports" name="test_standalone_import[from ares_swarm.autonomy.a1_allocator import A1TaskAllocator]" time="0.384" /><testcase classname="tests.test_direct_imports" name="test_standalone_import[from ares_swarm.communication.analysis import BaselineCommunicationAnalyzer]" time="0.348" /><testcase classname="tests.test_direct_imports" name="test_standalone_import[from ares_swarm.telemetry.manager import DetectionManager]" time="0.366" /><testcase classname="tests.test_direct_imports" name="test_standalone_import[from ares_swarm.simulation.runner import MissionRunner]" time="0.421" /><testcase classname="tests.test_random_scenario_generator" name="test_default_poi_count_is_ten" time="0.000" /><testcase classname="tests.test_random_scenario_generator" name="test_pois_lie_within_arena_bounds" time="0.001" /><testcase classname="tests.test_random_scenario_generator" name="test_no_quadrant_balancing_or_coverage_requirement" time="0.002" /><testcase classname="tests.test_random_scenario_generator" name="test_same_seed_produces_bit_identical_scenario" time="0.000" /><testcase classname="tests.test_random_scenario_generator" name="test_different_seeds_produce_different_scenarios" time="0.000" /><testcase classname="tests.test_random_scenario_generator" name="test_min_spacing_zero_allows_uniform_random_placement" time="0.000" /><testcase classname="tests.test_random_scenario_generator" name="test_min_spacing_positive_enforces_spacing_constraint" time="0.001" /><testcase classname="tests.test_random_scenario_generator" name="test_deterministic_spawn_time_ordering" time="0.000" /><testcase classname="tests.test_random_scenario_generator" name="test_authoritative_consistency_scenario_and_trace" time="0.077" /><testcase classname="tests.test_random_scenario_generator" name="test_frozen_e1_isolation" time="0.006" /><testcase classname="tests.test_random_scenario_generator" name="test_backward_compatibility_wrapper" time="0.005" /><testcase classname="tests.test_release_validation" name="test_command_failure_is_logged_and_raised" time="0.123" /><testcase classname="tests.test_release_validation" name="test_junit_counts_come_from_report" time="0.004" /><testcase classname="tests.test_release_validation" name="test_unparseable_or_empty_test_report_never_falls_back[not xml]" time="0.003" /><testcase classname="tests.test_release_validation" name="test_unparseable_or_empty_test_report_never_falls_back[&lt;testsuites/&gt;]" time="0.003" /><testcase classname="tests.test_release_validation" name="test_unparseable_or_empty_test_report_never_falls_back[&lt;testsuites&gt;&lt;testsuite tests=&quot;0&quot; failures=&quot;0&quot; errors=&quot;0&quot; skipped=&quot;0&quot;/&gt;&lt;/testsuites&gt;]" time="0.003" /><testcase classname="tests.test_release_validation" name="test_missing_canonical_evidence_cannot_pass" time="0.001" /><testcase classname="tests.test_release_validation" name="test_changed_mission_value_breaks_determinism" time="0.001" /><testcase classname="tests.test_release_validation" name="test_same_task_completion_does_not_establish_e2_causality" time="0.000" /><testcase classname="tests.visualization.test_replay" name="test_replay_records_snapshots" time="0.000" /><testcase classname="tests.visualization.test_replay" name="test_replay_clear" time="0.000" /><testcase classname="tests.visualization.test_replay" name="test_replay_returns_snapshots_in_recording_order" time="0.000" /><testcase classname="tests.visualization.test_webots_control_layer" name="test_initial_replay_state" time="16.997" /><testcase classname="tests.visualization.test_webots_control_layer" name="test_forward_backward_seeking" time="0.031" /><testcase classname="tests.visualization.test_webots_control_layer" name="test_seeking_clamping_at_boundaries" time="0.034" /><testcase classname="tests.visualization.test_webots_control_layer" name="test_seeking_while_paused_and_playing" time="0.036" /><testcase classname="tests.visualization.test_webots_control_layer" name="test_reset_control" time="0.032" /><testcase classname="tests.visualization.test_webots_control_layer" name="test_playback_speed_controls" time="0.038" /><testcase classname="tests.visualization.test_webots_control_layer" name="test_camera_selection" time="0.035" /><testcase classname="tests.visualization.test_webots_control_layer" name="test_visibility_toggles" time="0.035" /><testcase classname="tests.visualization.test_webots_control_layer" name="test_trace_immutability" time="0.040" /><testcase classname="tests.visualization.test_webots_control_layer" name="test_random_scenario_loads" time="0.135" /><testcase classname="tests.visualization.test_webots_control_layer" name="test_config_separation" time="0.001" /></testsuite></testsuites>